[dotenv] Set [36mDATABASE_USERNAME[0m and [36mDATABASE_PASSWORD[0m
[dotenv] Loaded [33m.env[0m
[dotenv] Set [36mDATABASE_USERNAME[0m and [36mDATABASE_PASSWORD[0m
[dotenv] Loaded [33m.env[0m
[dotenv] Set [36mDATABASE_USERNAME[0m and [36mDATABASE_PASSWORD[0m
[dotenv] Loaded [33m.env[0m
[dotenv] Set [36mDATABASE_USERNAME[0m and [36mDATABASE_PASSWORD[0m
[dotenv] Loaded [33m.env[0m
[dotenv] Set [36mDATABASE_USERNAME[0m and [36mDATABASE_PASSWORD[0m
[dotenv] Loaded [33m.env[0m
[dotenv] Set [36mDATABASE_USERNAME[0m and [36mDATABASE_PASSWORD[0m
[dotenv] Loaded [33m.env[0m
[dotenv] Set [36mDATABASE_USERNAME[0m and [36mDATABASE_PASSWORD[0m
[dotenv] Loaded [33m.env[0m
[dotenv] Set [36mDATABASE_USERNAME[0m and [36mDATABASE_PASSWORD[0m
[dotenv] Loaded [33m.env[0m
[dotenv] Set [36mDATABASE_USERNAME[0m and [36mDATABASE_PASSWORD[0m
[dotenv] Loaded [33m.env[0m
[dotenv] Set [36mDATABASE_USERNAME[0m and [36mDATABASE_PASSWORD[0m
[dotenv] Loaded [33m.env[0m
[dotenv] Set [36mDATABASE_USERNAME[0m and [36mDATABASE_PASSWORD[0m
[dotenv] Loaded [33m.env[0m
[dotenv] Set [36mDATABASE_USERNAME[0m and [36mDATABASE_PASSWORD[0m
[dotenv] Loaded [33m.env[0m
[dotenv] Set [36mDATABASE_USERNAME[0m and [36mDATABASE_PASSWORD[0m
[dotenv] Loaded [33m.env[0m
  [1m[35m (27.1ms)[0m  [1m[35mCREATE DATABASE `rails_react_poc_development` DEFAULT CHARACTER SET `utf8mb4`[0m
  [1m[35m (15.3ms)[0m  [1m[35mCREATE DATABASE `rails_react_poc_test` DEFAULT CHARACTER SET `utf8mb4`[0m
[dotenv] Set [36mDATABASE_USERNAME[0m and [36mDATABASE_PASSWORD[0m
[dotenv] Loaded [33m.env[0m
  [1m[35m (72.6ms)[0m  [1m[35mCREATE TABLE `schema_migrations` (`version` varchar(255) NOT NULL PRIMARY KEY)[0m
  [1m[35m (60.4ms)[0m  [1m[35mCREATE TABLE `ar_internal_metadata` (`key` varchar(255) NOT NULL PRIMARY KEY, `value` varchar(255), `created_at` datetime(6) NOT NULL, `updated_at` datetime(6) NOT NULL)[0m
  [1m[35m (0.2ms)[0m  [1m[34mSELECT GET_LOCK('5768315857394419665', 0)[0m
  [1m[36mActiveRecord::SchemaMigration Load (3.4ms)[0m  [1m[34mSELECT `schema_migrations`.`version` FROM `schema_migrations` ORDER BY `schema_migrations`.`version` ASC[0m
  [1m[36mActiveRecord::InternalMetadata Load (0.5ms)[0m  [1m[34mSELECT * FROM `ar_internal_metadata` WHERE `ar_internal_metadata`.`key` = 'environment' ORDER BY `ar_internal_metadata`.`key` ASC LIMIT 1[0m
  [1m[36mActiveRecord::InternalMetadata Create (10.1ms)[0m  [1m[32mINSERT INTO `ar_internal_metadata` (`key`, `value`, `created_at`, `updated_at`) VALUES ('environment', 'development', '2024-07-15 19:01:11.735293', '2024-07-15 19:01:11.735296')[0m
  [1m[35m (0.1ms)[0m  [1m[34mSELECT RELEASE_LOCK('5768315857394419665')[0m
  [1m[36mActiveRecord::SchemaMigration Load (0.1ms)[0m  [1m[34mSELECT `schema_migrations`.`version` FROM `schema_migrations` ORDER BY `schema_migrations`.`version` ASC[0m
[dotenv] Set [36mDATABASE_USERNAME[0m and [36mDATABASE_PASSWORD[0m
[dotenv] Loaded [33m.env[0m
Started GET "/" for ::1 at 2024-07-16 00:31:28 +0530
  [1m[36mActiveRecord::SchemaMigration Load (0.4ms)[0m  [1m[34mSELECT `schema_migrations`.`version` FROM `schema_migrations` ORDER BY `schema_migrations`.`version` ASC[0m
Processing by HomeController#index as HTML
  Rendering layout layouts/application.html.erb
  Rendering home/index.html.erb within layouts/application
  Rendered home/index.html.erb within layouts/application (Duration: 0.2ms | Allocations: 178)
  Rendered layout layouts/application.html.erb (Duration: 3.2ms | Allocations: 1145)
Completed 200 OK in 18ms (Views: 7.2ms | ActiveRecord: 0.0ms | Allocations: 7427)


[dotenv] Set [36mDATABASE_USERNAME[0m and [36mDATABASE_PASSWORD[0m
[dotenv] Loaded [33m.env[0m
Started GET "/" for ::1 at 2024-07-16 00:32:29 +0530
  [1m[36mActiveRecord::SchemaMigration Load (0.3ms)[0m  [1m[34mSELECT `schema_migrations`.`version` FROM `schema_migrations` ORDER BY `schema_migrations`.`version` ASC[0m
Processing by HomeController#index as HTML
  Rendering layout layouts/application.html.erb
  Rendering home/index.html.erb within layouts/application
  Rendered home/index.html.erb within layouts/application (Duration: 0.4ms | Allocations: 178)
  Rendered layout layouts/application.html.erb (Duration: 15.4ms | Allocations: 3762)
Completed 200 OK in 21ms (Views: 17.8ms | ActiveRecord: 0.0ms | Allocations: 7752)


Started GET "/" for ::1 at 2024-07-16 00:33:07 +0530
Processing by HomeController#index as HTML
  Rendering layout layouts/application.html.erb
  Rendering home/index.html.erb within layouts/application
  Rendered home/index.html.erb within layouts/application (Duration: 0.0ms | Allocations: 7)
  Rendered layout layouts/application.html.erb (Duration: 0.8ms | Allocations: 443)
Completed 200 OK in 2ms (Views: 1.3ms | ActiveRecord: 0.0ms | Allocations: 665)


Started GET "/" for ::1 at 2024-07-16 00:34:21 +0530
Processing by HomeController#index as HTML
  Rendering layout layouts/application.html.erb
  Rendering home/index.html.erb within layouts/application
  Rendered home/index.html.erb within layouts/application (Duration: 0.0ms | Allocations: 7)
  Rendered layout layouts/application.html.erb (Duration: 0.9ms | Allocations: 459)
Completed 200 OK in 1ms (Views: 1.3ms | ActiveRecord: 0.0ms | Allocations: 680)


[dotenv] Set [36mDATABASE_USERNAME[0m and [36mDATABASE_PASSWORD[0m
[dotenv] Loaded [33m.env[0m
Started GET "/" for ::1 at 2024-07-16 00:37:51 +0530
  [1m[36mActiveRecord::SchemaMigration Load (0.4ms)[0m  [1m[34mSELECT `schema_migrations`.`version` FROM `schema_migrations` ORDER BY `schema_migrations`.`version` ASC[0m
Processing by HomeController#index as HTML
  Rendering layout layouts/application.html.erb
  Rendering home/index.html.erb within layouts/application
  Rendered home/index.html.erb within layouts/application (Duration: 0.3ms | Allocations: 178)
  Rendered layout layouts/application.html.erb (Duration: 5.7ms | Allocations: 2306)
Completed 200 OK in 13ms (Views: 8.7ms | ActiveRecord: 0.0ms | Allocations: 6296)


Started GET "/" for ::1 at 2024-07-16 00:38:34 +0530
Processing by HomeController#index as HTML
  Rendering layout layouts/application.html.erb
  Rendering home/index.html.erb within layouts/application
  Rendered home/index.html.erb within layouts/application (Duration: 0.0ms | Allocations: 7)
  Rendered layout layouts/application.html.erb (Duration: 1.4ms | Allocations: 455)
Completed 200 OK in 2ms (Views: 2.1ms | ActiveRecord: 0.0ms | Allocations: 677)


[dotenv] Set [36mDATABASE_USERNAME[0m and [36mDATABASE_PASSWORD[0m
[dotenv] Loaded [33m.env[0m
Started GET "/" for ::1 at 2024-07-16 00:38:54 +0530
  [1m[36mActiveRecord::SchemaMigration Load (0.3ms)[0m  [1m[34mSELECT `schema_migrations`.`version` FROM `schema_migrations` ORDER BY `schema_migrations`.`version` ASC[0m
Processing by HomeController#index as HTML
  Rendering layout layouts/application.html.erb
  Rendering home/index.html.erb within layouts/application
  Rendered home/index.html.erb within layouts/application (Duration: 0.3ms | Allocations: 178)
  Rendered layout layouts/application.html.erb (Duration: 5.6ms | Allocations: 2312)
Completed 200 OK in 12ms (Views: 7.7ms | ActiveRecord: 0.0ms | Allocations: 6302)


[dotenv] Set [36mDATABASE_USERNAME[0m and [36mDATABASE_PASSWORD[0m
[dotenv] Loaded [33m.env[0m
Started GET "/" for ::1 at 2024-07-16 00:40:38 +0530
  [1m[36mActiveRecord::SchemaMigration Load (0.4ms)[0m  [1m[34mSELECT `schema_migrations`.`version` FROM `schema_migrations` ORDER BY `schema_migrations`.`version` ASC[0m
Processing by HomeController#index as HTML
  Rendering layout layouts/application.html.erb
  Rendering home/index.html.erb within layouts/application
  Rendered home/index.html.erb within layouts/application (Duration: 0.3ms | Allocations: 178)
  Rendered layout layouts/application.html.erb (Duration: 5.5ms | Allocations: 2309)
Completed 200 OK in 11ms (Views: 8.0ms | ActiveRecord: 0.0ms | Allocations: 6299)


Started GET "/" for ::1 at 2024-07-16 00:49:06 +0530
Processing by HomeController#index as HTML
  Rendering layout layouts/application.html.erb
  Rendering home/index.html.erb within layouts/application
  Rendered home/index.html.erb within layouts/application (Duration: 0.0ms | Allocations: 7)
  Rendered layout layouts/application.html.erb (Duration: 1.0ms | Allocations: 443)
Completed 200 OK in 2ms (Views: 1.5ms | ActiveRecord: 0.0ms | Allocations: 665)


Started GET "/" for ::1 at 2024-07-16 00:49:47 +0530
Processing by HomeController#index as HTML
  Rendering layout layouts/application.html.erb
  Rendering home/index.html.erb within layouts/application
  Rendered home/index.html.erb within layouts/application (Duration: 0.0ms | Allocations: 7)
  Rendered layout layouts/application.html.erb (Duration: 0.9ms | Allocations: 465)
Completed 200 OK in 2ms (Views: 1.3ms | ActiveRecord: 0.0ms | Allocations: 686)


Started GET "/" for ::1 at 2024-07-16 00:50:13 +0530
Processing by HomeController#index as HTML
  Rendering layout layouts/application.html.erb
  Rendering home/index.html.erb within layouts/application
  Rendered home/index.html.erb within layouts/application (Duration: 0.0ms | Allocations: 7)
  Rendered layout layouts/application.html.erb (Duration: 0.8ms | Allocations: 450)
Completed 200 OK in 1ms (Views: 1.2ms | ActiveRecord: 0.0ms | Allocations: 671)


Started GET "/" for ::1 at 2024-07-16 00:50:18 +0530
Processing by HomeController#index as HTML
  Rendering layout layouts/application.html.erb
  Rendering home/index.html.erb within layouts/application
  Rendered home/index.html.erb within layouts/application (Duration: 0.0ms | Allocations: 7)
  Rendered layout layouts/application.html.erb (Duration: 0.6ms | Allocations: 435)
Completed 200 OK in 1ms (Views: 0.9ms | ActiveRecord: 0.0ms | Allocations: 656)


Started GET "/" for ::1 at 2024-07-16 00:50:39 +0530
Processing by HomeController#index as HTML
  Rendering layout layouts/application.html.erb
  Rendering home/index.html.erb within layouts/application
  Rendered home/index.html.erb within layouts/application (Duration: 0.0ms | Allocations: 7)
  Rendered layout layouts/application.html.erb (Duration: 1.0ms | Allocations: 468)
Completed 200 OK in 2ms (Views: 1.3ms | ActiveRecord: 0.0ms | Allocations: 685)


[dotenv] Set [36mDATABASE_USERNAME[0m and [36mDATABASE_PASSWORD[0m
[dotenv] Loaded [33m.env[0m
Started GET "/" for ::1 at 2024-07-16 00:51:02 +0530
  [1m[36mActiveRecord::SchemaMigration Load (0.3ms)[0m  [1m[34mSELECT `schema_migrations`.`version` FROM `schema_migrations` ORDER BY `schema_migrations`.`version` ASC[0m
Processing by HomeController#index as HTML
  Rendering layout layouts/application.html.erb
  Rendering home/index.html.erb within layouts/application
  Rendered home/index.html.erb within layouts/application (Duration: 0.3ms | Allocations: 178)
  Rendered layout layouts/application.html.erb (Duration: 5.1ms | Allocations: 2306)
Completed 200 OK in 14ms (Views: 7.9ms | ActiveRecord: 0.0ms | Allocations: 6296)


Started GET "/" for ::1 at 2024-07-16 00:53:11 +0530
Processing by HomeController#index as HTML
  Rendering layout layouts/application.html.erb
  Rendering home/index.html.erb within layouts/application
  Rendered home/index.html.erb within layouts/application (Duration: 0.0ms | Allocations: 7)
  Rendered layout layouts/application.html.erb (Duration: 1.3ms | Allocations: 461)
Completed 200 OK in 2ms (Views: 1.9ms | ActiveRecord: 0.0ms | Allocations: 683)


Started GET "/" for ::1 at 2024-07-16 00:53:12 +0530
Processing by HomeController#index as HTML
  Rendering layout layouts/application.html.erb
  Rendering home/index.html.erb within layouts/application
  Rendered home/index.html.erb within layouts/application (Duration: 0.1ms | Allocations: 7)
  Rendered layout layouts/application.html.erb (Duration: 1.9ms | Allocations: 444)
Completed 200 OK in 3ms (Views: 2.9ms | ActiveRecord: 0.0ms | Allocations: 665)


Started GET "/" for ::1 at 2024-07-16 00:53:13 +0530
Processing by HomeController#index as HTML
  Rendering layout layouts/application.html.erb
  Rendering home/index.html.erb within layouts/application
  Rendered home/index.html.erb within layouts/application (Duration: 0.1ms | Allocations: 7)
  Rendered layout layouts/application.html.erb (Duration: 1.6ms | Allocations: 432)
Completed 200 OK in 3ms (Views: 2.4ms | ActiveRecord: 0.0ms | Allocations: 649)


Started GET "/" for ::1 at 2024-07-16 01:13:00 +0530
Processing by HomeController#index as HTML
  Rendering layout layouts/application.html.erb
  Rendering home/index.html.erb within layouts/application
  Rendered home/index.html.erb within layouts/application (Duration: 0.1ms | Allocations: 7)
  Rendered layout layouts/application.html.erb (Duration: 1.7ms | Allocations: 471)
Completed 200 OK in 3ms (Views: 2.7ms | ActiveRecord: 0.0ms | Allocations: 692)


Started GET "/" for ::1 at 2024-07-16 01:13:11 +0530
  
Zeitwerk::NameError (expected file /home/arieotech/Desktop/POC/rails_react_poc/app/controllers/home_controller.rb to define constant HomeController, but didn't):
  
zeitwerk (2.6.16) lib/zeitwerk/loader/callbacks.rb:32:in `on_file_autoloaded'
zeitwerk (2.6.16) lib/zeitwerk/kernel.rb:27:in `require'
activesupport (7.1.3.4) lib/active_support/inflector/methods.rb:290:in `const_get'
activesupport (7.1.3.4) lib/active_support/inflector/methods.rb:290:in `constantize'
activesupport (7.1.3.4) lib/active_support/core_ext/string/inflections.rb:74:in `constantize'
actionpack (7.1.3.4) lib/action_dispatch/http/request.rb:90:in `controller_class_for'
actionpack (7.1.3.4) lib/action_dispatch/request/utils.rb:100:in `action_encoding_template'
actionpack (7.1.3.4) lib/action_dispatch/request/utils.rb:85:in `encode'
actionpack (7.1.3.4) lib/action_dispatch/request/utils.rb:45:in `set_binary_encoding'
actionpack (7.1.3.4) lib/action_dispatch/http/parameters.rb:68:in `path_parameters='
actionpack (7.1.3.4) lib/action_dispatch/journey/router.rb:48:in `block in serve'
actionpack (7.1.3.4) lib/action_dispatch/journey/router.rb:131:in `block in find_routes'
actionpack (7.1.3.4) lib/action_dispatch/journey/router.rb:124:in `each'
actionpack (7.1.3.4) lib/action_dispatch/journey/router.rb:124:in `find_routes'
actionpack (7.1.3.4) lib/action_dispatch/journey/router.rb:32:in `serve'
actionpack (7.1.3.4) lib/action_dispatch/routing/route_set.rb:882:in `call'
rack (3.1.6) lib/rack/tempfile_reaper.rb:20:in `call'
rack (3.1.6) lib/rack/etag.rb:29:in `call'
rack (3.1.6) lib/rack/conditional_get.rb:31:in `call'
rack (3.1.6) lib/rack/head.rb:15:in `call'
actionpack (7.1.3.4) lib/action_dispatch/http/permissions_policy.rb:36:in `call'
actionpack (7.1.3.4) lib/action_dispatch/http/content_security_policy.rb:33:in `call'
rack-session (2.0.0) lib/rack/session/abstract/id.rb:272:in `context'
rack-session (2.0.0) lib/rack/session/abstract/id.rb:266:in `call'
actionpack (7.1.3.4) lib/action_dispatch/middleware/cookies.rb:689:in `call'
activerecord (7.1.3.4) lib/active_record/migration.rb:655:in `call'
actionpack (7.1.3.4) lib/action_dispatch/middleware/callbacks.rb:29:in `block in call'
activesupport (7.1.3.4) lib/active_support/callbacks.rb:101:in `run_callbacks'
actionpack (7.1.3.4) lib/action_dispatch/middleware/callbacks.rb:28:in `call'
actionpack (7.1.3.4) lib/action_dispatch/middleware/executor.rb:14:in `call'
actionpack (7.1.3.4) lib/action_dispatch/middleware/actionable_exceptions.rb:16:in `call'
actionpack (7.1.3.4) lib/action_dispatch/middleware/debug_exceptions.rb:29:in `call'
web-console (4.2.1) lib/web_console/middleware.rb:132:in `call_app'
web-console (4.2.1) lib/web_console/middleware.rb:28:in `block in call'
web-console (4.2.1) lib/web_console/middleware.rb:17:in `catch'
web-console (4.2.1) lib/web_console/middleware.rb:17:in `call'
actionpack (7.1.3.4) lib/action_dispatch/middleware/show_exceptions.rb:31:in `call'
railties (7.1.3.4) lib/rails/rack/logger.rb:37:in `call_app'
railties (7.1.3.4) lib/rails/rack/logger.rb:24:in `block in call'
activesupport (7.1.3.4) lib/active_support/tagged_logging.rb:135:in `block in tagged'
activesupport (7.1.3.4) lib/active_support/tagged_logging.rb:39:in `tagged'
activesupport (7.1.3.4) lib/active_support/tagged_logging.rb:135:in `tagged'
activesupport (7.1.3.4) lib/active_support/broadcast_logger.rb:240:in `method_missing'
railties (7.1.3.4) lib/rails/rack/logger.rb:24:in `call'
sprockets-rails (3.5.1) lib/sprockets/rails/quiet_assets.rb:17:in `call'
actionpack (7.1.3.4) lib/action_dispatch/middleware/remote_ip.rb:92:in `call'
actionpack (7.1.3.4) lib/action_dispatch/middleware/request_id.rb:28:in `call'
rack (3.1.6) lib/rack/method_override.rb:28:in `call'
rack (3.1.6) lib/rack/runtime.rb:24:in `call'
activesupport (7.1.3.4) lib/active_support/cache/strategy/local_cache_middleware.rb:29:in `call'
actionpack (7.1.3.4) lib/action_dispatch/middleware/server_timing.rb:59:in `block in call'
actionpack (7.1.3.4) lib/action_dispatch/middleware/server_timing.rb:24:in `collect_events'
actionpack (7.1.3.4) lib/action_dispatch/middleware/server_timing.rb:58:in `call'
actionpack (7.1.3.4) lib/action_dispatch/middleware/executor.rb:14:in `call'
actionpack (7.1.3.4) lib/action_dispatch/middleware/static.rb:25:in `call'
rack (3.1.6) lib/rack/sendfile.rb:114:in `call'
actionpack (7.1.3.4) lib/action_dispatch/middleware/host_authorization.rb:141:in `call'
railties (7.1.3.4) lib/rails/engine.rb:536:in `call'
puma (6.4.2) lib/puma/configuration.rb:272:in `call'
puma (6.4.2) lib/puma/request.rb:100:in `block in handle_request'
puma (6.4.2) lib/puma/thread_pool.rb:378:in `with_force_shutdown'
puma (6.4.2) lib/puma/request.rb:99:in `handle_request'
puma (6.4.2) lib/puma/server.rb:464:in `process_client'
puma (6.4.2) lib/puma/server.rb:245:in `block in run'
puma (6.4.2) lib/puma/thread_pool.rb:155:in `block in spawn_thread'
Started GET "/" for ::1 at 2024-07-16 01:13:25 +0530
Processing by HomeController#index as HTML
  Rendering layout layouts/application.html.erb
  Rendering home/index.html.erb within layouts/application
  Rendered home/index.html.erb within layouts/application (Duration: 0.3ms | Allocations: 89)
  Rendered layout layouts/application.html.erb (Duration: 1.6ms | Allocations: 804)
Completed 200 OK in 4ms (Views: 3.0ms | ActiveRecord: 0.0ms | Allocations: 1676)


Started GET "/" for ::1 at 2024-07-16 01:14:58 +0530
Processing by HomeController#index as HTML
  Rendering layout layouts/application.html.erb
  Rendering home/index.html.erb within layouts/application
  Rendered home/index.html.erb within layouts/application (Duration: 0.0ms | Allocations: 7)
  Rendered layout layouts/application.html.erb (Duration: 2.0ms | Allocations: 444)
Completed 200 OK in 3ms (Views: 2.5ms | ActiveRecord: 0.0ms | Allocations: 660)


[dotenv] Set [36mDATABASE_USERNAME[0m and [36mDATABASE_PASSWORD[0m
[dotenv] Loaded [33m.env[0m
Started GET "/" for ::1 at 2024-07-16 15:37:05 +0530
  [1m[36mActiveRecord::SchemaMigration Load (4.8ms)[0m  [1m[34mSELECT `schema_migrations`.`version` FROM `schema_migrations` ORDER BY `schema_migrations`.`version` ASC[0m
Processing by HomeController#index as HTML
  Rendering layout layouts/application.html.erb
  Rendering home/index.html.erb within layouts/application
  Rendered home/index.html.erb within layouts/application (Duration: 0.3ms | Allocations: 177)
  Rendered layout layouts/application.html.erb (Duration: 3.4ms | Allocations: 1144)
Completed 200 OK in 10ms (Views: 5.4ms | ActiveRecord: 0.0ms | Allocations: 5130)


Started GET "/" for ::1 at 2024-07-16 15:40:55 +0530
Processing by HomeController#index as HTML
  Rendering layout layouts/application.html.erb
  Rendering home/index.html.erb within layouts/application
  Rendered home/index.html.erb within layouts/application (Duration: 0.0ms | Allocations: 7)
  Rendered layout layouts/application.html.erb (Duration: 9.5ms | Allocations: 3615)
Completed 200 OK in 10ms (Views: 10.0ms | ActiveRecord: 0.0ms | Allocations: 3836)


